[2017-02-08 15:24:14] START
[2017-02-08 15:24:20] DELETE Sprint1/models/menu.py: -121
[2017-02-08 15:27:36] EDIT Sprint1/models/db.py: -9
[2017-02-08 15:27:49] EDIT Sprint1/models/db.py: 0
[2017-02-08 15:29:08] EDIT Sprint1/models/db.py: 6
[2017-02-08 15:33:10] EDIT Sprint1/models/db.py: -4
[2017-02-08 15:33:16] EDIT Sprint1/models/db.py: 0
[2017-02-08 15:33:17] EDIT Sprint1/models/db.py: 0
[2017-02-08 15:33:22] EDIT Sprint1/models/db.py: -1
[2017-02-08 15:33:33] EDIT Sprint1/models/db.py: 0
[2017-02-08 15:35:44] EDIT Sprint1/models/db.py: 0
[2017-02-08 15:49:20] EDIT Sprint1/controllers/default.py: -30
[2017-02-08 15:49:32] EDIT Sprint1/controllers/default.py: 0
[2017-02-08 15:50:39] EDIT Sprint1/views/default/index.html: -42
[2017-02-08 15:51:05] EDIT Sprint1/views/default/index.html: 0
[2017-02-08 15:51:58] CREATE default/create.html: 0
[2017-02-08 15:52:23] EDIT Sprint1/views/default/create.html: 0
[2017-02-08 15:52:45] EDIT Sprint1/views/default/create.html: 0
[2017-02-08 15:56:01] EDIT Sprint1/controllers/default.py: 3
[2017-02-08 16:11:22] CREATE default/show.html: 0
[2017-02-08 16:12:36] EDIT Sprint1/views/default/show.html: 3
[2017-02-08 16:13:25] EDIT Sprint1/controllers/default.py: 6
[2017-02-08 16:14:08] EDIT Sprint1/views/default/show.html: 6
[2017-02-08 16:18:05] EDIT Sprint1/controllers/default.py: 6
[2017-02-08 16:19:07] CREATE default/edit.html: 0
[2017-02-08 16:19:36] CREATE default/download.html: 0
[2017-02-08 16:19:47] CREATE default/documents.html: 0
[2017-02-08 16:20:08] EDIT Sprint1/views/default/edit.html: 2
[2017-02-08 16:20:54] EDIT Sprint1/controllers/default.py: 2
[2017-02-08 16:21:55] EDIT Sprint1/views/default/show.html: 0
[2017-02-08 16:22:05] EDIT Sprint1/views/default/show.html: 0
[2017-02-08 16:22:31] EDIT Sprint1/views/default/show.html: 0
[2017-02-08 16:22:54] EDIT Sprint1/views/default/show.html: 0
[2017-02-08 16:26:24] EDIT Sprint1/views/default/show.html: 1
[2017-02-08 16:30:26] EDIT Sprint1/controllers/default.py: 2
[2017-02-08 16:32:03] EDIT Sprint1/controllers/default.py: 7
[2017-02-08 16:32:13] EDIT Sprint1/controllers/default.py: 0
[2017-02-08 16:32:25] EDIT Sprint1/controllers/default.py: -5
[2017-02-08 16:32:58] EDIT Sprint1/views/default/documents.html: 2
[2017-02-08 16:33:05] EDIT Sprint1/views/default/documents.html: 0
[2017-02-08 16:34:01] EDIT Sprint1/models/db.py: 8
[2017-02-08 16:34:26] EDIT Sprint1/models/db.py: 0
[2017-02-08 16:36:12] EDIT Sprint1/controllers/default.py: 2
[2017-02-08 16:39:08] EDIT Sprint1/views/default/index.html: 0
[2017-02-08 16:39:24] EDIT Sprint1/views/default/create.html: 0
[2017-02-08 16:39:37] EDIT Sprint1/views/default/create.html: 0
[2017-02-08 16:40:46] EDIT Sprint1/views/default/index.html: 0
[2017-02-08 16:41:04] EDIT Sprint1/views/default/index.html: 0
[2017-02-08 16:44:15] EDIT Sprint1/views/default/index.html: 0
[2017-02-08 16:44:52] EDIT Sprint1/views/default/index.html: 0
[2017-02-08 16:45:24] EDIT Sprint1/controllers/default.py: 0
[2017-02-08 16:45:53] EDIT Sprint1/views/default/index.html: 0
[2017-02-08 16:46:08] EDIT Sprint1/views/default/index.html: 0
[2017-02-08 16:46:34] EDIT Sprint1/views/default/index.html: 0
[2017-02-08 16:47:06] EDIT Sprint1/controllers/default.py: 0
[2017-02-08 16:49:32] EDIT Sprint1/views/default/index.html: 0
[2017-02-08 16:50:52] CREATE default/projects.html: 0
[2017-02-08 16:54:42] EDIT Sprint1/controllers/default.py: 3
[2017-02-08 16:55:09] EDIT Sprint1/views/default/projects.html: 2
[2017-02-08 16:56:44] EDIT Sprint1/controllers/default.py: 3
[2017-02-08 16:58:06] CREATE default/createPerson.html: 0
[2017-02-08 16:58:11] DELETE Sprint1/views/default/create.html: -3
[2017-02-08 16:58:25] CREATE default/createProject.html: 0
[2017-02-08 16:58:40] EDIT Sprint1/views/default/createPerson.html: 0
[2017-02-08 16:58:51] EDIT Sprint1/views/default/createProject.html: 0
[2017-02-08 16:59:24] EDIT Sprint1/controllers/default.py: 0
[2017-02-08 17:00:20] EDIT Sprint1/controllers/default.py: 0
[2017-02-08 17:04:07] EDIT Sprint1/controllers/default.py: 2
[2017-02-08 17:08:11] EDIT Sprint1/controllers/default.py: 5
[2017-02-08 17:11:11] EDIT Sprint1/controllers/default.py: -3
[2017-02-08 17:11:37] EDIT Sprint1/controllers/default.py: 0
[2017-02-08 17:12:57] EDIT Sprint1/views/default/projects.html: -2
[2017-02-08 17:14:44] EDIT Sprint1/views/default/projects.html: 1
[2017-02-08 17:16:02] EDIT Sprint1/controllers/default.py: 0
[2017-02-08 17:16:08] EDIT Sprint1/controllers/default.py: 0
[2017-02-08 17:16:27] EDIT Sprint1/controllers/default.py: 0
[2017-02-08 17:17:24] EDIT Sprint1/controllers/default.py: 0
[2017-02-08 17:17:32] EDIT Sprint1/controllers/default.py: 0
[2017-02-08 17:17:57] EDIT Sprint1/views/default/projects.html: 0
[2017-02-08 17:18:59] EDIT Sprint1/models/db.py: 0
[2017-02-08 17:19:13] EDIT Sprint1/models/db.py: 0
[2017-02-08 17:20:39] EDIT Sprint1/models/db.py: 1
[2017-02-08 17:20:54] EDIT Sprint1/models/db.py: 0
[2017-02-08 17:24:24] EDIT Sprint1/views/default/index.html: 0
[2017-02-08 17:26:35] EDIT Sprint1/controllers/default.py: 0
[2017-02-08 17:28:37] EDIT Sprint1/views/default/projects.html: 3
[2017-02-08 17:29:49] EDIT Sprint1/views/default/projects.html: 0
[2017-02-08 17:31:04] EDIT Sprint1/views/default/projects.html: 0
[2017-02-08 17:31:07] EDIT Sprint1/views/default/projects.html: 0
[2017-02-08 17:31:52] EDIT Sprint1/controllers/default.py: 0
[2017-02-08 17:32:22] EDIT Sprint1/controllers/default.py: 0
[2017-02-08 17:32:38] EDIT Sprint1/controllers/default.py: 0
[2017-02-08 17:34:00] EDIT Sprint1/controllers/default.py: 1
[2017-02-08 17:35:05] EDIT Sprint1/controllers/default.py: 0
[2017-02-08 17:56:22] EDIT Sprint1/models/db.py: 1
[2017-02-08 17:58:03] EDIT Sprint1/views/default/show.html: 2
[2017-02-08 17:58:33] EDIT Sprint1/views/default/show.html: 0
[2017-02-08 17:58:35] EDIT Sprint1/models/db.py: 0
[2017-02-10 08:59:49] EDIT Sprint1/models/db.py: -1
[2017-02-10 09:01:44] EDIT Sprint1/models/db.py: 1
[2017-02-10 09:05:12] EDIT Sprint1/controllers/default.py: 0
[2017-02-10 09:06:03] EDIT Sprint1/controllers/default.py: 0
[2017-02-10 09:06:32] EDIT Sprint1/controllers/default.py: 0
